2024-06-16T01:34:55.831-05:00  WARN 8188 --- [CustomerManagementNew] [HikariPool-1 housekeeper] com.zaxxer.hikari.pool.HikariPool        : HikariPool-1 - Thread starvation or clock leap detected (housekeeper delta=3h44m47s423ms231µs800ns).
2024-06-16T07:04:09.877-05:00  WARN 8188 --- [CustomerManagementNew] [HikariPool-1 housekeeper] com.zaxxer.hikari.pool.HikariPool        : HikariPool-1 - Thread starvation or clock leap detected (housekeeper delta=5h29m14s46ms499µs300ns).
2024-06-16T15:44:18.842-05:00  WARN 8188 --- [CustomerManagementNew] [HikariPool-1 housekeeper] com.zaxxer.hikari.pool.HikariPool        : HikariPool-1 - Thread starvation or clock leap detected (housekeeper delta=8h40m8s964ms328µs200ns).
2024-06-16T16:34:16.253-05:00  INFO 16548 --- [CustomerManagementNew] [restartedMain] g.c.C.ECommerceApiApplication            : Starting ECommerceApiApplication using Java 22.0.1 with PID 16548 (C:\Users\ahmed\Downloads\CustomerManagement\target\classes started by ahmed in C:\Users\ahmed\Downloads\CustomerManagement)
2024-06-16T16:34:16.256-05:00 DEBUG 16548 --- [CustomerManagementNew] [restartedMain] g.c.C.ECommerceApiApplication            : Running with Spring Boot v3.3.0, Spring v6.1.4
2024-06-16T16:34:16.257-05:00  INFO 16548 --- [CustomerManagementNew] [restartedMain] g.c.C.ECommerceApiApplication            : No active profile set, falling back to 1 default profile: "default"
2024-06-16T16:34:16.315-05:00  INFO 16548 --- [CustomerManagementNew] [restartedMain] .e.DevToolsPropertyDefaultsPostProcessor : Devtools property defaults active! Set 'spring.devtools.add-properties' to 'false' to disable
2024-06-16T16:34:16.316-05:00  INFO 16548 --- [CustomerManagementNew] [restartedMain] .e.DevToolsPropertyDefaultsPostProcessor : For additional web related logging consider setting the 'logging.level.web' property to 'DEBUG'
2024-06-16T16:34:17.266-05:00  INFO 16548 --- [CustomerManagementNew] [restartedMain] .s.d.r.c.RepositoryConfigurationDelegate : Bootstrapping Spring Data JPA repositories in DEFAULT mode.
2024-06-16T16:34:17.346-05:00  INFO 16548 --- [CustomerManagementNew] [restartedMain] .s.d.r.c.RepositoryConfigurationDelegate : Finished Spring Data repository scanning in 69 ms. Found 1 JPA repository interface.
2024-06-16T16:34:18.163-05:00  INFO 16548 --- [CustomerManagementNew] [restartedMain] o.s.b.w.embedded.tomcat.TomcatWebServer  : Tomcat initialized with port 8080 (http)
2024-06-16T16:34:18.177-05:00  INFO 16548 --- [CustomerManagementNew] [restartedMain] o.apache.catalina.core.StandardService   : Starting service [Tomcat]
2024-06-16T16:34:18.178-05:00  INFO 16548 --- [CustomerManagementNew] [restartedMain] o.apache.catalina.core.StandardEngine    : Starting Servlet engine: [Apache Tomcat/10.1.24]
2024-06-16T16:34:18.228-05:00  INFO 16548 --- [CustomerManagementNew] [restartedMain] o.a.c.c.C.[Tomcat].[localhost].[/]       : Initializing Spring embedded WebApplicationContext
2024-06-16T16:34:18.229-05:00  INFO 16548 --- [CustomerManagementNew] [restartedMain] w.s.c.ServletWebServerApplicationContext : Root WebApplicationContext: initialization completed in 1913 ms
2024-06-16T16:34:18.264-05:00  INFO 16548 --- [CustomerManagementNew] [restartedMain] com.zaxxer.hikari.HikariDataSource       : HikariPool-1 - Starting...
2024-06-16T16:34:18.531-05:00  INFO 16548 --- [CustomerManagementNew] [restartedMain] com.zaxxer.hikari.pool.HikariPool        : HikariPool-1 - Added connection conn0: url=jdbc:h2:mem:bookstore user=ROOT
2024-06-16T16:34:18.534-05:00  INFO 16548 --- [CustomerManagementNew] [restartedMain] com.zaxxer.hikari.HikariDataSource       : HikariPool-1 - Start completed.
2024-06-16T16:34:18.583-05:00  INFO 16548 --- [CustomerManagementNew] [restartedMain] o.s.b.a.h2.H2ConsoleAutoConfiguration    : H2 console available at '/h2-console'. Database available at 'jdbc:h2:mem:bookstore'
2024-06-16T16:34:18.757-05:00  INFO 16548 --- [CustomerManagementNew] [restartedMain] o.hibernate.jpa.internal.util.LogHelper  : HHH000204: Processing PersistenceUnitInfo [name: default]
2024-06-16T16:34:18.837-05:00  INFO 16548 --- [CustomerManagementNew] [restartedMain] org.hibernate.Version                    : HHH000412: Hibernate ORM core version 6.5.2.Final
2024-06-16T16:34:18.878-05:00  INFO 16548 --- [CustomerManagementNew] [restartedMain] o.h.c.internal.RegionFactoryInitiator    : HHH000026: Second-level cache disabled
2024-06-16T16:34:19.220-05:00  INFO 16548 --- [CustomerManagementNew] [restartedMain] o.s.o.j.p.SpringPersistenceUnitInfo      : No LoadTimeWeaver setup: ignoring JPA class transformer
2024-06-16T16:34:19.267-05:00  WARN 16548 --- [CustomerManagementNew] [restartedMain] org.hibernate.orm.deprecation            : HHH90000025: H2Dialect does not need to be specified explicitly using 'hibernate.dialect' (remove the property setting and it will be selected by default)
2024-06-16T16:34:20.049-05:00  INFO 16548 --- [CustomerManagementNew] [restartedMain] o.h.e.t.j.p.i.JtaPlatformInitiator       : HHH000489: No JTA platform available (set 'hibernate.transaction.jta.platform' to enable JTA platform integration)
2024-06-16T16:34:20.078-05:00  INFO 16548 --- [CustomerManagementNew] [restartedMain] j.LocalContainerEntityManagerFactoryBean : Initialized JPA EntityManagerFactory for persistence unit 'default'
2024-06-16T16:34:20.505-05:00  WARN 16548 --- [CustomerManagementNew] [restartedMain] JpaBaseConfiguration$JpaWebConfiguration : spring.jpa.open-in-view is enabled by default. Therefore, database queries may be performed during view rendering. Explicitly configure spring.jpa.open-in-view to disable this warning
2024-06-16T16:34:20.907-05:00  INFO 16548 --- [CustomerManagementNew] [restartedMain] o.s.b.d.a.OptionalLiveReloadServer       : LiveReload server is running on port 35729
2024-06-16T16:34:20.939-05:00  INFO 16548 --- [CustomerManagementNew] [restartedMain] o.s.b.w.embedded.tomcat.TomcatWebServer  : Tomcat started on port 8080 (http) with context path '/'
2024-06-16T16:34:20.948-05:00  INFO 16548 --- [CustomerManagementNew] [restartedMain] g.c.C.ECommerceApiApplication            : Started ECommerceApiApplication in 5.208 seconds (process running for 6.724)
2024-06-16T16:34:58.883-05:00  INFO 16548 --- [CustomerManagementNew] [http-nio-8080-exec-2] o.a.c.c.C.[Tomcat].[localhost].[/]       : Initializing Spring DispatcherServlet 'dispatcherServlet'
2024-06-16T16:34:58.884-05:00  INFO 16548 --- [CustomerManagementNew] [http-nio-8080-exec-2] o.s.web.servlet.DispatcherServlet        : Initializing Servlet 'dispatcherServlet'
2024-06-16T16:34:58.886-05:00  INFO 16548 --- [CustomerManagementNew] [http-nio-8080-exec-2] o.s.web.servlet.DispatcherServlet        : Completed initialization in 1 ms
2024-06-16T16:35:15.194-05:00  INFO 16548 --- [CustomerManagementNew] [http-nio-8080-exec-3] g.c.C.handler.HandlerBookController      : before getting all Book Controller layer
2024-06-16T16:37:13.052-05:00  INFO 16548 --- [CustomerManagementNew] [http-nio-8080-exec-7] g.c.C.handler.HandlerBookController      : before getting all Book Controller layer
2024-06-16T16:38:40.080-05:00  INFO 16548 --- [CustomerManagementNew] [SpringApplicationShutdownHook] j.LocalContainerEntityManagerFactoryBean : Closing JPA EntityManagerFactory for persistence unit 'default'
2024-06-16T16:38:40.502-05:00  WARN 16548 --- [CustomerManagementNew] [SpringApplicationShutdownHook] o.s.b.f.support.DisposableBeanAdapter    : Invocation of destroy method failed on bean with name 'inMemoryDatabaseShutdownExecutor': org.h2.jdbc.JdbcSQLNonTransientConnectionException: Database is already closed (to disable automatic closing at VM shutdown, add ";DB_CLOSE_ON_EXIT=FALSE" to the db URL) [90121-214]
2024-06-16T16:38:40.504-05:00  INFO 16548 --- [CustomerManagementNew] [SpringApplicationShutdownHook] com.zaxxer.hikari.HikariDataSource       : HikariPool-1 - Shutdown initiated...
2024-06-16T16:38:40.533-05:00  INFO 16548 --- [CustomerManagementNew] [SpringApplicationShutdownHook] com.zaxxer.hikari.HikariDataSource       : HikariPool-1 - Shutdown completed.
2024-06-16T16:38:46.455-05:00  INFO 17296 --- [CustomerManagementNew] [restartedMain] g.c.C.ECommerceApiApplication            : Starting ECommerceApiApplication using Java 22.0.1 with PID 17296 (C:\Users\ahmed\Downloads\CustomerManagement\target\classes started by ahmed in C:\Users\ahmed\Downloads\CustomerManagement)
2024-06-16T16:38:46.457-05:00 DEBUG 17296 --- [CustomerManagementNew] [restartedMain] g.c.C.ECommerceApiApplication            : Running with Spring Boot v3.3.0, Spring v6.1.4
2024-06-16T16:38:46.458-05:00  INFO 17296 --- [CustomerManagementNew] [restartedMain] g.c.C.ECommerceApiApplication            : No active profile set, falling back to 1 default profile: "default"
2024-06-16T16:38:46.515-05:00  INFO 17296 --- [CustomerManagementNew] [restartedMain] .e.DevToolsPropertyDefaultsPostProcessor : Devtools property defaults active! Set 'spring.devtools.add-properties' to 'false' to disable
2024-06-16T16:38:46.516-05:00  INFO 17296 --- [CustomerManagementNew] [restartedMain] .e.DevToolsPropertyDefaultsPostProcessor : For additional web related logging consider setting the 'logging.level.web' property to 'DEBUG'
2024-06-16T16:38:47.415-05:00  INFO 17296 --- [CustomerManagementNew] [restartedMain] .s.d.r.c.RepositoryConfigurationDelegate : Bootstrapping Spring Data JPA repositories in DEFAULT mode.
2024-06-16T16:38:47.499-05:00  INFO 17296 --- [CustomerManagementNew] [restartedMain] .s.d.r.c.RepositoryConfigurationDelegate : Finished Spring Data repository scanning in 74 ms. Found 1 JPA repository interface.
2024-06-16T16:38:48.465-05:00  INFO 17296 --- [CustomerManagementNew] [restartedMain] o.s.b.w.embedded.tomcat.TomcatWebServer  : Tomcat initialized with port 8080 (http)
2024-06-16T16:38:48.480-05:00  INFO 17296 --- [CustomerManagementNew] [restartedMain] o.apache.catalina.core.StandardService   : Starting service [Tomcat]
2024-06-16T16:38:48.480-05:00  INFO 17296 --- [CustomerManagementNew] [restartedMain] o.apache.catalina.core.StandardEngine    : Starting Servlet engine: [Apache Tomcat/10.1.24]
2024-06-16T16:38:48.528-05:00  INFO 17296 --- [CustomerManagementNew] [restartedMain] o.a.c.c.C.[Tomcat].[localhost].[/]       : Initializing Spring embedded WebApplicationContext
2024-06-16T16:38:48.529-05:00  INFO 17296 --- [CustomerManagementNew] [restartedMain] w.s.c.ServletWebServerApplicationContext : Root WebApplicationContext: initialization completed in 2012 ms
2024-06-16T16:38:48.576-05:00  INFO 17296 --- [CustomerManagementNew] [restartedMain] com.zaxxer.hikari.HikariDataSource       : HikariPool-1 - Starting...
2024-06-16T16:38:48.819-05:00  INFO 17296 --- [CustomerManagementNew] [restartedMain] com.zaxxer.hikari.pool.HikariPool        : HikariPool-1 - Added connection conn0: url=jdbc:h2:mem:bookstore user=ROOT
2024-06-16T16:38:48.821-05:00  INFO 17296 --- [CustomerManagementNew] [restartedMain] com.zaxxer.hikari.HikariDataSource       : HikariPool-1 - Start completed.
2024-06-16T16:38:48.839-05:00  INFO 17296 --- [CustomerManagementNew] [restartedMain] o.s.b.a.h2.H2ConsoleAutoConfiguration    : H2 console available at '/h2-console'. Database available at 'jdbc:h2:mem:bookstore'
2024-06-16T16:38:49.126-05:00  INFO 17296 --- [CustomerManagementNew] [restartedMain] o.hibernate.jpa.internal.util.LogHelper  : HHH000204: Processing PersistenceUnitInfo [name: default]
2024-06-16T16:38:49.203-05:00  INFO 17296 --- [CustomerManagementNew] [restartedMain] org.hibernate.Version                    : HHH000412: Hibernate ORM core version 6.5.2.Final
2024-06-16T16:38:49.253-05:00  INFO 17296 --- [CustomerManagementNew] [restartedMain] o.h.c.internal.RegionFactoryInitiator    : HHH000026: Second-level cache disabled
2024-06-16T16:38:49.675-05:00  INFO 17296 --- [CustomerManagementNew] [restartedMain] o.s.o.j.p.SpringPersistenceUnitInfo      : No LoadTimeWeaver setup: ignoring JPA class transformer
2024-06-16T16:38:49.728-05:00  WARN 17296 --- [CustomerManagementNew] [restartedMain] org.hibernate.orm.deprecation            : HHH90000025: H2Dialect does not need to be specified explicitly using 'hibernate.dialect' (remove the property setting and it will be selected by default)
2024-06-16T16:38:50.625-05:00  INFO 17296 --- [CustomerManagementNew] [restartedMain] o.h.e.t.j.p.i.JtaPlatformInitiator       : HHH000489: No JTA platform available (set 'hibernate.transaction.jta.platform' to enable JTA platform integration)
2024-06-16T16:38:50.654-05:00  INFO 17296 --- [CustomerManagementNew] [restartedMain] j.LocalContainerEntityManagerFactoryBean : Initialized JPA EntityManagerFactory for persistence unit 'default'
2024-06-16T16:38:51.123-05:00  WARN 17296 --- [CustomerManagementNew] [restartedMain] JpaBaseConfiguration$JpaWebConfiguration : spring.jpa.open-in-view is enabled by default. Therefore, database queries may be performed during view rendering. Explicitly configure spring.jpa.open-in-view to disable this warning
2024-06-16T16:38:51.570-05:00  INFO 17296 --- [CustomerManagementNew] [restartedMain] o.s.b.d.a.OptionalLiveReloadServer       : LiveReload server is running on port 35729
2024-06-16T16:38:51.617-05:00  INFO 17296 --- [CustomerManagementNew] [restartedMain] o.s.b.w.embedded.tomcat.TomcatWebServer  : Tomcat started on port 8080 (http) with context path '/'
2024-06-16T16:38:51.631-05:00  INFO 17296 --- [CustomerManagementNew] [restartedMain] g.c.C.ECommerceApiApplication            : Started ECommerceApiApplication in 5.633 seconds (process running for 6.796)
2024-06-16T16:38:55.110-05:00  INFO 17296 --- [CustomerManagementNew] [http-nio-8080-exec-2] o.a.c.c.C.[Tomcat].[localhost].[/]       : Initializing Spring DispatcherServlet 'dispatcherServlet'
2024-06-16T16:38:55.110-05:00  INFO 17296 --- [CustomerManagementNew] [http-nio-8080-exec-2] o.s.web.servlet.DispatcherServlet        : Initializing Servlet 'dispatcherServlet'
2024-06-16T16:38:55.111-05:00  INFO 17296 --- [CustomerManagementNew] [http-nio-8080-exec-2] o.s.web.servlet.DispatcherServlet        : Completed initialization in 1 ms
2024-06-16T16:38:55.147-05:00  INFO 17296 --- [CustomerManagementNew] [http-nio-8080-exec-2] g.c.C.handler.HandlerBookController      : before getting all Book Controller layer
2024-06-16T16:40:13.637-05:00  INFO 17296 --- [CustomerManagementNew] [SpringApplicationShutdownHook] j.LocalContainerEntityManagerFactoryBean : Closing JPA EntityManagerFactory for persistence unit 'default'
2024-06-16T16:40:14.055-05:00  WARN 17296 --- [CustomerManagementNew] [SpringApplicationShutdownHook] o.s.b.f.support.DisposableBeanAdapter    : Invocation of destroy method failed on bean with name 'inMemoryDatabaseShutdownExecutor': org.h2.jdbc.JdbcSQLNonTransientConnectionException: Database is already closed (to disable automatic closing at VM shutdown, add ";DB_CLOSE_ON_EXIT=FALSE" to the db URL) [90121-214]
2024-06-16T16:40:14.056-05:00  INFO 17296 --- [CustomerManagementNew] [SpringApplicationShutdownHook] com.zaxxer.hikari.HikariDataSource       : HikariPool-1 - Shutdown initiated...
2024-06-16T16:40:14.071-05:00  INFO 17296 --- [CustomerManagementNew] [SpringApplicationShutdownHook] com.zaxxer.hikari.HikariDataSource       : HikariPool-1 - Shutdown completed.
2024-06-16T16:40:18.096-05:00  INFO 7500 --- [CustomerManagementNew] [restartedMain] g.c.C.ECommerceApiApplication            : Starting ECommerceApiApplication using Java 22.0.1 with PID 7500 (C:\Users\ahmed\Downloads\CustomerManagement\target\classes started by ahmed in C:\Users\ahmed\Downloads\CustomerManagement)
2024-06-16T16:40:18.098-05:00 DEBUG 7500 --- [CustomerManagementNew] [restartedMain] g.c.C.ECommerceApiApplication            : Running with Spring Boot v3.3.0, Spring v6.1.4
2024-06-16T16:40:18.099-05:00  INFO 7500 --- [CustomerManagementNew] [restartedMain] g.c.C.ECommerceApiApplication            : No active profile set, falling back to 1 default profile: "default"
2024-06-16T16:40:18.169-05:00  INFO 7500 --- [CustomerManagementNew] [restartedMain] .e.DevToolsPropertyDefaultsPostProcessor : Devtools property defaults active! Set 'spring.devtools.add-properties' to 'false' to disable
2024-06-16T16:40:18.169-05:00  INFO 7500 --- [CustomerManagementNew] [restartedMain] .e.DevToolsPropertyDefaultsPostProcessor : For additional web related logging consider setting the 'logging.level.web' property to 'DEBUG'
2024-06-16T16:40:18.975-05:00  INFO 7500 --- [CustomerManagementNew] [restartedMain] .s.d.r.c.RepositoryConfigurationDelegate : Bootstrapping Spring Data JPA repositories in DEFAULT mode.
2024-06-16T16:40:19.042-05:00  INFO 7500 --- [CustomerManagementNew] [restartedMain] .s.d.r.c.RepositoryConfigurationDelegate : Finished Spring Data repository scanning in 56 ms. Found 1 JPA repository interface.
2024-06-16T16:40:19.874-05:00  INFO 7500 --- [CustomerManagementNew] [restartedMain] o.s.b.w.embedded.tomcat.TomcatWebServer  : Tomcat initialized with port 8080 (http)
2024-06-16T16:40:19.890-05:00  INFO 7500 --- [CustomerManagementNew] [restartedMain] o.apache.catalina.core.StandardService   : Starting service [Tomcat]
2024-06-16T16:40:19.891-05:00  INFO 7500 --- [CustomerManagementNew] [restartedMain] o.apache.catalina.core.StandardEngine    : Starting Servlet engine: [Apache Tomcat/10.1.24]
2024-06-16T16:40:19.963-05:00  INFO 7500 --- [CustomerManagementNew] [restartedMain] o.a.c.c.C.[Tomcat].[localhost].[/]       : Initializing Spring embedded WebApplicationContext
2024-06-16T16:40:19.964-05:00  INFO 7500 --- [CustomerManagementNew] [restartedMain] w.s.c.ServletWebServerApplicationContext : Root WebApplicationContext: initialization completed in 1794 ms
2024-06-16T16:40:20.009-05:00  INFO 7500 --- [CustomerManagementNew] [restartedMain] com.zaxxer.hikari.HikariDataSource       : HikariPool-1 - Starting...
2024-06-16T16:40:20.223-05:00  INFO 7500 --- [CustomerManagementNew] [restartedMain] com.zaxxer.hikari.pool.HikariPool        : HikariPool-1 - Added connection conn0: url=jdbc:h2:mem:bookstore user=ROOT
2024-06-16T16:40:20.224-05:00  INFO 7500 --- [CustomerManagementNew] [restartedMain] com.zaxxer.hikari.HikariDataSource       : HikariPool-1 - Start completed.
2024-06-16T16:40:20.243-05:00  INFO 7500 --- [CustomerManagementNew] [restartedMain] o.s.b.a.h2.H2ConsoleAutoConfiguration    : H2 console available at '/h2-console'. Database available at 'jdbc:h2:mem:bookstore'
2024-06-16T16:40:20.412-05:00  INFO 7500 --- [CustomerManagementNew] [restartedMain] o.hibernate.jpa.internal.util.LogHelper  : HHH000204: Processing PersistenceUnitInfo [name: default]
2024-06-16T16:40:20.484-05:00  INFO 7500 --- [CustomerManagementNew] [restartedMain] org.hibernate.Version                    : HHH000412: Hibernate ORM core version 6.5.2.Final
2024-06-16T16:40:20.514-05:00  INFO 7500 --- [CustomerManagementNew] [restartedMain] o.h.c.internal.RegionFactoryInitiator    : HHH000026: Second-level cache disabled
2024-06-16T16:40:20.812-05:00  INFO 7500 --- [CustomerManagementNew] [restartedMain] o.s.o.j.p.SpringPersistenceUnitInfo      : No LoadTimeWeaver setup: ignoring JPA class transformer
2024-06-16T16:40:20.853-05:00  WARN 7500 --- [CustomerManagementNew] [restartedMain] org.hibernate.orm.deprecation            : HHH90000025: H2Dialect does not need to be specified explicitly using 'hibernate.dialect' (remove the property setting and it will be selected by default)
2024-06-16T16:40:21.529-05:00  INFO 7500 --- [CustomerManagementNew] [restartedMain] o.h.e.t.j.p.i.JtaPlatformInitiator       : HHH000489: No JTA platform available (set 'hibernate.transaction.jta.platform' to enable JTA platform integration)
2024-06-16T16:40:21.554-05:00  INFO 7500 --- [CustomerManagementNew] [restartedMain] j.LocalContainerEntityManagerFactoryBean : Initialized JPA EntityManagerFactory for persistence unit 'default'
2024-06-16T16:40:22.005-05:00  WARN 7500 --- [CustomerManagementNew] [restartedMain] JpaBaseConfiguration$JpaWebConfiguration : spring.jpa.open-in-view is enabled by default. Therefore, database queries may be performed during view rendering. Explicitly configure spring.jpa.open-in-view to disable this warning
2024-06-16T16:40:22.421-05:00  INFO 7500 --- [CustomerManagementNew] [restartedMain] o.s.b.d.a.OptionalLiveReloadServer       : LiveReload server is running on port 35729
2024-06-16T16:40:22.459-05:00  INFO 7500 --- [CustomerManagementNew] [restartedMain] o.s.b.w.embedded.tomcat.TomcatWebServer  : Tomcat started on port 8080 (http) with context path '/'
2024-06-16T16:40:22.471-05:00  INFO 7500 --- [CustomerManagementNew] [restartedMain] g.c.C.ECommerceApiApplication            : Started ECommerceApiApplication in 4.859 seconds (process running for 5.396)
2024-06-16T16:40:28.192-05:00  INFO 7500 --- [CustomerManagementNew] [http-nio-8080-exec-1] o.a.c.c.C.[Tomcat].[localhost].[/]       : Initializing Spring DispatcherServlet 'dispatcherServlet'
2024-06-16T16:40:28.193-05:00  INFO 7500 --- [CustomerManagementNew] [http-nio-8080-exec-1] o.s.web.servlet.DispatcherServlet        : Initializing Servlet 'dispatcherServlet'
2024-06-16T16:40:28.193-05:00  INFO 7500 --- [CustomerManagementNew] [http-nio-8080-exec-1] o.s.web.servlet.DispatcherServlet        : Completed initialization in 0 ms
2024-06-16T16:40:28.223-05:00  INFO 7500 --- [CustomerManagementNew] [http-nio-8080-exec-1] g.c.C.handler.HandlerBookController      : before getting all Book Controller layer
2024-06-16T16:58:13.248-05:00  INFO 7500 --- [CustomerManagementNew] [SpringApplicationShutdownHook] j.LocalContainerEntityManagerFactoryBean : Closing JPA EntityManagerFactory for persistence unit 'default'
2024-06-16T16:58:13.652-05:00  WARN 7500 --- [CustomerManagementNew] [SpringApplicationShutdownHook] o.s.b.f.support.DisposableBeanAdapter    : Invocation of destroy method failed on bean with name 'inMemoryDatabaseShutdownExecutor': org.h2.jdbc.JdbcSQLNonTransientConnectionException: Database is already closed (to disable automatic closing at VM shutdown, add ";DB_CLOSE_ON_EXIT=FALSE" to the db URL) [90121-214]
2024-06-16T16:58:13.653-05:00  INFO 7500 --- [CustomerManagementNew] [SpringApplicationShutdownHook] com.zaxxer.hikari.HikariDataSource       : HikariPool-1 - Shutdown initiated...
2024-06-16T16:58:13.668-05:00  INFO 7500 --- [CustomerManagementNew] [SpringApplicationShutdownHook] com.zaxxer.hikari.HikariDataSource       : HikariPool-1 - Shutdown completed.
